<?xml version="1.0" encoding="UTF-8"?>
<!-- Generated by org.testng.reporters.JUnitReportReporter -->
<testsuite hostname="LAPTOP-3909LIN4" failures="0" tests="1" name="qualicoach.RegisterTest" time="33.110" errors="0" timestamp="20 Oct 2021 18:23:29 GMT">
  <testcase classname="qualicoach.RegisterTest" name="baseNavigation" time="33.110"/>
</testsuite> <!-- qualicoach.RegisterTest -->
