<?xml version="1.0" encoding="UTF-8"?>
<!-- Generated by org.testng.reporters.JUnitReportReporter -->
<testsuite hostname="LAPTOP-3909LIN4" failures="0" tests="1" name="qualicoach.QualicoachE2E.EditUserTest" time="36.139" errors="0" timestamp="20 Oct 2021 17:33:34 GMT">
  <testcase classname="qualicoach.QualicoachE2E.EditUserTest" name="baseNavigation" time="36.139"/>
</testsuite> <!-- qualicoach.QualicoachE2E.EditUserTest -->
