<?xml version="1.0" encoding="UTF-8"?>
<!-- Generated by org.testng.reporters.JUnitReportReporter -->
<testsuite hostname="LAPTOP-3909LIN4" failures="0" tests="2" name="qualicoach.LoginpageTest" time="29.933" errors="0" timestamp="20 Oct 2021 18:23:29 GMT">
  <testcase classname="qualicoach.LoginpageTest" name="baseNavigation" time="15.134"/>
  <testcase classname="qualicoach.LoginpageTest" name="baseNavigation" time="14.799"/>
</testsuite> <!-- qualicoach.LoginpageTest -->
