<?xml version="1.0" encoding="UTF-8"?>
<!-- Generated by org.testng.reporters.JUnitReportReporter -->
<testsuite hostname="LAPTOP-3909LIN4" failures="0" tests="4" name="qualicoach.QualicoachE2E.LoginpageTest" time="44.583" errors="0" timestamp="20 Oct 2021 17:33:34 GMT">
  <testcase classname="qualicoach.QualicoachE2E.LoginpageTest" name="baseNavigation" time="12.754"/>
  <testcase classname="qualicoach.QualicoachE2E.LoginpageTest" name="baseNavigation" time="9.800"/>
  <testcase classname="qualicoach.QualicoachE2E.LoginpageTest" name="baseNavigation" time="11.248"/>
  <testcase classname="qualicoach.QualicoachE2E.LoginpageTest" name="baseNavigation" time="10.781"/>
</testsuite> <!-- qualicoach.QualicoachE2E.LoginpageTest -->
