<?xml version="1.0" encoding="UTF-8"?>
<!-- Generated by org.testng.reporters.JUnitReportReporter -->
<testsuite hostname="LAPTOP-3909LIN4" failures="0" tests="1" name="qualicoach.QualicoachE2E.EditUser" time="37.619" errors="0" timestamp="2021-10-20T11:27:22 IST" skipped="0">
  <testcase classname="qualicoach.QualicoachE2E.EditUser" name="baseNavigation" time="37.619"/>
  <system-out/>
</testsuite> <!-- qualicoach.QualicoachE2E.EditUser -->
