<?xml version="1.0" encoding="UTF-8"?>
<!-- Generated by org.testng.reporters.JUnitReportReporter -->
<testsuite hostname="LAPTOP-3909LIN4" failures="0" tests="1" name="qualicoach.EditUserTest" time="35.705" errors="0" timestamp="2021-10-21T11:26:41 IST" skipped="0">
  <testcase classname="qualicoach.EditUserTest" name="baseNavigation" time="35.705"/>
  <system-out/>
</testsuite> <!-- qualicoach.EditUserTest -->
