<?xml version="1.0" encoding="UTF-8"?>
<!-- Generated by org.testng.reporters.JUnitReportReporter -->
<testsuite hostname="LAPTOP-3909LIN4" failures="0" tests="4" name="qualicoach.QualicoachE2E.Loginpage" time="51.542" errors="0" timestamp="2021-10-20T11:27:22 IST" skipped="0">
  <testcase classname="qualicoach.QualicoachE2E.Loginpage" name="baseNavigation" time="14.894"/>
  <system-out/>
  <testcase classname="qualicoach.QualicoachE2E.Loginpage" name="baseNavigation" time="13.840"/>
  <system-out/>
  <testcase classname="qualicoach.QualicoachE2E.Loginpage" name="baseNavigation" time="10.947"/>
  <system-out/>
  <testcase classname="qualicoach.QualicoachE2E.Loginpage" name="baseNavigation" time="11.861"/>
  <system-out/>
</testsuite> <!-- qualicoach.QualicoachE2E.Loginpage -->
