<?xml version="1.0" encoding="UTF-8"?>
<!-- Generated by org.testng.reporters.JUnitReportReporter -->
<testsuite hostname="LAPTOP-3909LIN4" failures="0" tests="1" name="qualicoach.QualicoachE2E.Userregister" time="35.361" errors="0" timestamp="2021-10-19T21:31:30 IST" skipped="0">
  <testcase classname="qualicoach.QualicoachE2E.Userregister" name="baseNavigation" time="35.361"/>
  <system-out/>
</testsuite> <!-- qualicoach.QualicoachE2E.Userregister -->
