<?xml version="1.0" encoding="UTF-8"?>
<!-- Generated by org.testng.reporters.JUnitReportReporter -->
<testsuite hostname="LAPTOP-3909LIN4" failures="0" tests="1" name="qualicoach.QualicoachE2E.DeleteUser" time="34.732" errors="0" timestamp="2021-10-20T11:27:22 IST" skipped="0">
  <testcase classname="qualicoach.QualicoachE2E.DeleteUser" name="baseNavigation" time="34.732"/>
  <system-out/>
</testsuite> <!-- qualicoach.QualicoachE2E.DeleteUser -->
