<?xml version="1.0" encoding="UTF-8"?>
<!-- Generated by org.testng.reporters.JUnitReportReporter -->
<testsuite hostname="LAPTOP-3909LIN4" failures="0" tests="2" name="qualicoach.LoginpageTest" time="33.095" errors="0" timestamp="2021-10-21T11:26:41 IST" skipped="0">
  <testcase classname="qualicoach.LoginpageTest" name="baseNavigation" time="16.636"/>
  <system-out/>
  <testcase classname="qualicoach.LoginpageTest" name="baseNavigation" time="16.459"/>
  <system-out/>
</testsuite> <!-- qualicoach.LoginpageTest -->
