<?xml version="1.0" encoding="UTF-8"?>
<!-- Generated by org.testng.reporters.JUnitReportReporter -->
<testsuite hostname="LAPTOP-3909LIN4" failures="0" tests="4" name="qualicoach.QualicoachE2E.Loginuser" time="53.653" errors="0" timestamp="2021-10-20T11:27:22 IST" skipped="0">
  <testcase classname="qualicoach.QualicoachE2E.Loginuser" name="baseNavigation" time="12.464"/>
  <system-out/>
  <testcase classname="qualicoach.QualicoachE2E.Loginuser" name="baseNavigation" time="12.734"/>
  <system-out/>
  <testcase classname="qualicoach.QualicoachE2E.Loginuser" name="baseNavigation" time="14.001"/>
  <system-out/>
  <testcase classname="qualicoach.QualicoachE2E.Loginuser" name="baseNavigation" time="14.454"/>
  <system-out/>
</testsuite> <!-- qualicoach.QualicoachE2E.Loginuser -->
